[debug] [2021-03-02T12:15:35.310Z] ----------------------------------------------------------------------
[debug] [2021-03-02T12:15:35.312Z] Command:       C:\Program Files\nodejs\node.exe C:\Users\SuperVisor\AppData\Roaming\npm\node_modules\firebase-tools\lib\bin\firebase.js functions:shell
[debug] [2021-03-02T12:15:35.312Z] CLI Version:   9.5.0
[debug] [2021-03-02T12:15:35.312Z] Platform:      win32
[debug] [2021-03-02T12:15:35.312Z] Node Version:  v12.16.3
[debug] [2021-03-02T12:15:35.313Z] Time:          Tue Mar 02 2021 15:15:35 GMT+0300 (GMT+03:00)
[debug] [2021-03-02T12:15:35.313Z] ----------------------------------------------------------------------
[debug] [2021-03-02T12:15:35.313Z] 
[debug] [2021-03-02T12:15:35.315Z] >>> [apiv2][query] GET https://firebase-public.firebaseio.com/cli.json [none]
[debug] [2021-03-02T12:15:35.338Z] > command requires scopes: ["email","openid","https://www.googleapis.com/auth/cloudplatformprojects.readonly","https://www.googleapis.com/auth/firebase","https://www.googleapis.com/auth/cloud-platform"]
[debug] [2021-03-02T12:15:35.339Z] > authorizing via signed-in user
[debug] [2021-03-02T12:15:35.339Z] [iam] checking project the-place-scheduler for permissions ["firebase.projects.get"]
[debug] [2021-03-02T12:15:35.340Z] > refreshing access token with scopes: ["email","https://www.googleapis.com/auth/cloud-platform","https://www.googleapis.com/auth/cloudplatformprojects.readonly","https://www.googleapis.com/auth/firebase","openid"]
[debug] [2021-03-02T12:15:35.340Z] >>> HTTP REQUEST POST https://www.googleapis.com/oauth2/v3/token  
 <request body omitted>
[debug] [2021-03-02T12:15:35.456Z] <<< HTTP RESPONSE 200 {"expires":"Mon, 01 Jan 1990 00:00:00 GMT","date":"Tue, 02 Mar 2021 12:15:35 GMT","cache-control":"no-cache, no-store, max-age=0, must-revalidate","pragma":"no-cache","content-type":"application/json; charset=utf-8","vary":"X-Origin, Referer, Origin,Accept-Encoding","server":"scaffolding on HTTPServer2","x-xss-protection":"0","x-frame-options":"SAMEORIGIN","x-content-type-options":"nosniff","alt-svc":"h3-29=\":443\"; ma=2592000,h3-T051=\":443\"; ma=2592000,h3-Q050=\":443\"; ma=2592000,h3-Q046=\":443\"; ma=2592000,h3-Q043=\":443\"; ma=2592000,quic=\":443\"; ma=2592000; v=\"46,43\"","accept-ranges":"none","transfer-encoding":"chunked"}
[debug] [2021-03-02T12:15:35.467Z] >>> HTTP REQUEST POST https://cloudresourcemanager.googleapis.com/v1/projects/the-place-scheduler:testIamPermissions  
 {"permissions":["firebase.projects.get"]}
[debug] [2021-03-02T12:15:35.864Z] <<< [apiv2][status] GET https://firebase-public.firebaseio.com/cli.json 200
[debug] [2021-03-02T12:15:35.864Z] <<< [apiv2][body] GET https://firebase-public.firebaseio.com/cli.json {"cloudBuildErrorAfter":1594252800000,"cloudBuildWarnAfter":1590019200000,"defaultNode10After":1594252800000,"minVersion":"3.0.5","node8DeploysDisabledAfter":1613390400000,"node8RuntimeDisabledAfter":1615809600000,"node8WarnAfter":1600128000000}
[debug] [2021-03-02T12:15:36.393Z] <<< HTTP RESPONSE 200 {"content-type":"application/json; charset=UTF-8","vary":"X-Origin, Referer, Origin,Accept-Encoding","date":"Tue, 02 Mar 2021 12:15:36 GMT","server":"ESF","cache-control":"private","x-xss-protection":"0","x-frame-options":"SAMEORIGIN","x-content-type-options":"nosniff","server-timing":"gfet4t7; dur=776","alt-svc":"h3-29=\":443\"; ma=2592000,h3-T051=\":443\"; ma=2592000,h3-Q050=\":443\"; ma=2592000,h3-Q046=\":443\"; ma=2592000,h3-Q043=\":443\"; ma=2592000,quic=\":443\"; ma=2592000; v=\"46,43\"","accept-ranges":"none","transfer-encoding":"chunked"}
[debug] [2021-03-02T12:15:36.395Z] >>> HTTP REQUEST GET http://localhost:4400/emulators  
 
[debug] [2021-03-02T12:15:38.525Z] Error: connect ECONNREFUSED 127.0.0.1:4400
    at TCPConnectWrap.afterConnect [as oncomplete] (net.js:1141:16)
[error] 
[error] Error: Server Error. connect ECONNREFUSED 127.0.0.1:4400
[debug] [2021-03-02T12:16:03.710Z] ----------------------------------------------------------------------
[debug] [2021-03-02T12:16:03.713Z] Command:       C:\Program Files\nodejs\node.exe C:\Users\SuperVisor\AppData\Roaming\npm\node_modules\firebase-tools\lib\bin\firebase.js deploy --only functions
[debug] [2021-03-02T12:16:03.713Z] CLI Version:   9.5.0
[debug] [2021-03-02T12:16:03.713Z] Platform:      win32
[debug] [2021-03-02T12:16:03.713Z] Node Version:  v12.16.3
[debug] [2021-03-02T12:16:03.714Z] Time:          Tue Mar 02 2021 15:16:03 GMT+0300 (GMT+03:00)
[debug] [2021-03-02T12:16:03.715Z] ----------------------------------------------------------------------
[debug] [2021-03-02T12:16:03.715Z] 
[debug] [2021-03-02T12:16:03.724Z] > command requires scopes: ["email","openid","https://www.googleapis.com/auth/cloudplatformprojects.readonly","https://www.googleapis.com/auth/firebase","https://www.googleapis.com/auth/cloud-platform"]
[debug] [2021-03-02T12:16:03.725Z] > authorizing via signed-in user
[debug] [2021-03-02T12:16:03.725Z] [iam] checking project the-place-scheduler for permissions ["cloudfunctions.functions.create","cloudfunctions.functions.delete","cloudfunctions.functions.get","cloudfunctions.functions.list","cloudfunctions.functions.update","cloudfunctions.operations.get","firebase.projects.get"]
[debug] [2021-03-02T12:16:03.729Z] >>> HTTP REQUEST POST https://cloudresourcemanager.googleapis.com/v1/projects/the-place-scheduler:testIamPermissions  
 {"permissions":["cloudfunctions.functions.create","cloudfunctions.functions.delete","cloudfunctions.functions.get","cloudfunctions.functions.list","cloudfunctions.functions.update","cloudfunctions.operations.get","firebase.projects.get"]}
[debug] [2021-03-02T12:16:04.604Z] <<< HTTP RESPONSE 200 {"content-type":"application/json; charset=UTF-8","vary":"X-Origin, Referer, Origin,Accept-Encoding","date":"Tue, 02 Mar 2021 12:16:04 GMT","server":"ESF","cache-control":"private","x-xss-protection":"0","x-frame-options":"SAMEORIGIN","x-content-type-options":"nosniff","server-timing":"gfet4t7; dur=781","alt-svc":"h3-29=\":443\"; ma=2592000,h3-T051=\":443\"; ma=2592000,h3-Q050=\":443\"; ma=2592000,h3-Q046=\":443\"; ma=2592000,h3-Q043=\":443\"; ma=2592000,quic=\":443\"; ma=2592000; v=\"46,43\"","accept-ranges":"none","transfer-encoding":"chunked"}
[debug] [2021-03-02T12:16:04.606Z] >>> HTTP REQUEST POST https://iam.googleapis.com/v1/projects/the-place-scheduler/serviceAccounts/the-place-scheduler@appspot.gserviceaccount.com:testIamPermissions  
 {"permissions":["iam.serviceAccounts.actAs"]}
[debug] [2021-03-02T12:16:05.536Z] <<< HTTP RESPONSE 200 {"content-type":"application/json; charset=UTF-8","vary":"X-Origin, Referer, Origin,Accept-Encoding","date":"Tue, 02 Mar 2021 12:16:05 GMT","server":"ESF","cache-control":"private","x-xss-protection":"0","x-frame-options":"SAMEORIGIN","x-content-type-options":"nosniff","alt-svc":"h3-29=\":443\"; ma=2592000,h3-T051=\":443\"; ma=2592000,h3-Q050=\":443\"; ma=2592000,h3-Q046=\":443\"; ma=2592000,h3-Q043=\":443\"; ma=2592000,quic=\":443\"; ma=2592000; v=\"46,43\"","accept-ranges":"none","transfer-encoding":"chunked"}
[info] 
[info] === Deploying to 'the-place-scheduler'...
[info] 
[info] i  deploying functions 
[info] Running command: npm --prefix "$RESOURCE_DIR" run lint
[info] +  functions: Finished running predeploy script. 
[info] i  functions: ensuring required API cloudfunctions.googleapis.com is enabled... 
[info] i  functions: ensuring required API cloudbuild.googleapis.com is enabled... 
[debug] [2021-03-02T12:16:10.676Z] >>> HTTP REQUEST GET https://serviceusage.googleapis.com/v1/projects/the-place-scheduler/services/cloudfunctions.googleapis.com  
 
[debug] [2021-03-02T12:16:10.677Z] >>> HTTP REQUEST GET https://serviceusage.googleapis.com/v1/projects/the-place-scheduler/services/runtimeconfig.googleapis.com  
 
[debug] [2021-03-02T12:16:10.677Z] >>> HTTP REQUEST GET https://serviceusage.googleapis.com/v1/projects/the-place-scheduler/services/cloudbuild.googleapis.com  
 
[debug] [2021-03-02T12:16:11.825Z] <<< HTTP RESPONSE 200 {"content-type":"application/json; charset=UTF-8","vary":"X-Origin, Referer, Origin,Accept-Encoding","date":"Tue, 02 Mar 2021 12:16:11 GMT","server":"ESF","cache-control":"private","x-xss-protection":"0","x-frame-options":"SAMEORIGIN","x-content-type-options":"nosniff","alt-svc":"h3-29=\":443\"; ma=2592000,h3-T051=\":443\"; ma=2592000,h3-Q050=\":443\"; ma=2592000,h3-Q046=\":443\"; ma=2592000,h3-Q043=\":443\"; ma=2592000,quic=\":443\"; ma=2592000; v=\"46,43\"","accept-ranges":"none","transfer-encoding":"chunked"}
[debug] [2021-03-02T12:16:11.838Z] <<< HTTP RESPONSE 200 {"content-type":"application/json; charset=UTF-8","vary":"X-Origin, Referer, Origin,Accept-Encoding","date":"Tue, 02 Mar 2021 12:16:11 GMT","server":"ESF","cache-control":"private","x-xss-protection":"0","x-frame-options":"SAMEORIGIN","x-content-type-options":"nosniff","alt-svc":"h3-29=\":443\"; ma=2592000,h3-T051=\":443\"; ma=2592000,h3-Q050=\":443\"; ma=2592000,h3-Q046=\":443\"; ma=2592000,h3-Q043=\":443\"; ma=2592000,quic=\":443\"; ma=2592000; v=\"46,43\"","accept-ranges":"none","transfer-encoding":"chunked"}
[info] +  functions: required API cloudbuild.googleapis.com is enabled 
[debug] [2021-03-02T12:16:11.861Z] <<< HTTP RESPONSE 200 {"content-type":"application/json; charset=UTF-8","vary":"X-Origin, Referer, Origin,Accept-Encoding","date":"Tue, 02 Mar 2021 12:16:11 GMT","server":"ESF","cache-control":"private","x-xss-protection":"0","x-frame-options":"SAMEORIGIN","x-content-type-options":"nosniff","alt-svc":"h3-29=\":443\"; ma=2592000,h3-T051=\":443\"; ma=2592000,h3-Q050=\":443\"; ma=2592000,h3-Q046=\":443\"; ma=2592000,h3-Q043=\":443\"; ma=2592000,quic=\":443\"; ma=2592000; v=\"46,43\"","accept-ranges":"none","transfer-encoding":"chunked"}
[info] +  functions: required API cloudfunctions.googleapis.com is enabled 
[debug] [2021-03-02T12:16:11.862Z] >>> HTTP REQUEST GET https://firebase.googleapis.com/v1beta1/projects/the-place-scheduler/adminSdkConfig  
 
[debug] [2021-03-02T12:16:12.301Z] <<< HTTP RESPONSE 200 {"content-type":"application/json; charset=UTF-8","vary":"X-Origin, Referer, Origin,Accept-Encoding","date":"Tue, 02 Mar 2021 12:16:12 GMT","server":"ESF","cache-control":"private","x-xss-protection":"0","x-frame-options":"SAMEORIGIN","x-content-type-options":"nosniff","alt-svc":"h3-29=\":443\"; ma=2592000,h3-T051=\":443\"; ma=2592000,h3-Q050=\":443\"; ma=2592000,h3-Q046=\":443\"; ma=2592000,h3-Q043=\":443\"; ma=2592000,quic=\":443\"; ma=2592000; v=\"46,43\"","accept-ranges":"none","transfer-encoding":"chunked"}
[info] i  functions: preparing functions directory for uploading... 
[debug] [2021-03-02T12:16:12.303Z] >>> HTTP REQUEST GET https://runtimeconfig.googleapis.com/v1beta1/projects/the-place-scheduler/configs  
 
[debug] [2021-03-02T12:16:12.615Z] <<< HTTP RESPONSE 200 {"content-type":"application/json; charset=UTF-8","vary":"X-Origin, Referer, Origin,Accept-Encoding","date":"Tue, 02 Mar 2021 12:16:12 GMT","server":"ESF","cache-control":"private","x-xss-protection":"0","x-frame-options":"SAMEORIGIN","x-content-type-options":"nosniff","alt-svc":"h3-29=\":443\"; ma=2592000,h3-T051=\":443\"; ma=2592000,h3-Q050=\":443\"; ma=2592000,h3-Q046=\":443\"; ma=2592000,h3-Q043=\":443\"; ma=2592000,quic=\":443\"; ma=2592000; v=\"46,43\"","accept-ranges":"none","transfer-encoding":"chunked"}
[info] i  functions: packaged functions (37.47 KB) for uploading 
[info] i  scheduler: ensuring required API cloudscheduler.googleapis.com is enabled... 
[info] i  pubsub: ensuring required API pubsub.googleapis.com is enabled... 
[debug] [2021-03-02T12:16:13.374Z] >>> HTTP REQUEST GET https://serviceusage.googleapis.com/v1/projects/the-place-scheduler/services/cloudscheduler.googleapis.com  
 
[debug] [2021-03-02T12:16:13.374Z] >>> HTTP REQUEST GET https://serviceusage.googleapis.com/v1/projects/the-place-scheduler/services/pubsub.googleapis.com  
 
[debug] [2021-03-02T12:16:14.399Z] <<< HTTP RESPONSE 200 {"content-type":"application/json; charset=UTF-8","vary":"X-Origin, Referer, Origin,Accept-Encoding","date":"Tue, 02 Mar 2021 12:16:14 GMT","server":"ESF","cache-control":"private","x-xss-protection":"0","x-frame-options":"SAMEORIGIN","x-content-type-options":"nosniff","alt-svc":"h3-29=\":443\"; ma=2592000,h3-T051=\":443\"; ma=2592000,h3-Q050=\":443\"; ma=2592000,h3-Q046=\":443\"; ma=2592000,h3-Q043=\":443\"; ma=2592000,quic=\":443\"; ma=2592000; v=\"46,43\"","accept-ranges":"none","transfer-encoding":"chunked"}
[info] +  scheduler: required API cloudscheduler.googleapis.com is enabled 
[debug] [2021-03-02T12:16:14.426Z] <<< HTTP RESPONSE 200 {"content-type":"application/json; charset=UTF-8","vary":"X-Origin, Referer, Origin,Accept-Encoding","date":"Tue, 02 Mar 2021 12:16:14 GMT","server":"ESF","cache-control":"private","x-xss-protection":"0","x-frame-options":"SAMEORIGIN","x-content-type-options":"nosniff","alt-svc":"h3-29=\":443\"; ma=2592000,h3-T051=\":443\"; ma=2592000,h3-Q050=\":443\"; ma=2592000,h3-Q046=\":443\"; ma=2592000,h3-Q043=\":443\"; ma=2592000,quic=\":443\"; ma=2592000; v=\"46,43\"","accept-ranges":"none","transfer-encoding":"chunked"}
[info] +  pubsub: required API pubsub.googleapis.com is enabled 
[debug] [2021-03-02T12:16:14.428Z] > [functions] package.json contents: {
  "name": "functions",
  "description": "Cloud Functions for Firebase",
  "scripts": {
    "lint": "eslint .",
    "serve": "firebase emulators:start --only functions",
    "shell": "firebase functions:shell",
    "start": "npm run shell",
    "deploy": "firebase deploy --only functions",
    "logs": "firebase functions:log"
  },
  "engines": {
    "node": "12"
  },
  "main": "index.js",
  "dependencies": {
    "firebase-admin": "^9.2.0",
    "firebase-functions": "^3.11.0",
    "fs": "0.0.1-security",
    "googleapis": "^67.1.0",
    "sms_ru": "0.0.1"
  },
  "devDependencies": {
    "eslint": "^7.6.0",
    "eslint-config-google": "^0.14.0",
    "firebase-functions-test": "^0.2.0"
  },
  "private": true
}
[debug] [2021-03-02T12:16:14.430Z] >>> HTTP REQUEST GET https://cloudfunctions.googleapis.com/v1/projects/the-place-scheduler/locations/-/functions  
 
[debug] [2021-03-02T12:16:15.028Z] <<< HTTP RESPONSE 200 {"content-type":"application/json; charset=UTF-8","vary":"X-Origin, Referer, Origin,Accept-Encoding","date":"Tue, 02 Mar 2021 12:16:15 GMT","server":"ESF","cache-control":"private","x-xss-protection":"0","x-frame-options":"SAMEORIGIN","x-content-type-options":"nosniff","alt-svc":"h3-29=\":443\"; ma=2592000,h3-T051=\":443\"; ma=2592000,h3-Q050=\":443\"; ma=2592000,h3-Q046=\":443\"; ma=2592000,h3-Q043=\":443\"; ma=2592000,quic=\":443\"; ma=2592000; v=\"46,43\"","accept-ranges":"none","transfer-encoding":"chunked"}
[debug] [2021-03-02T12:16:15.029Z] >>> HTTP REQUEST POST https://cloudfunctions.googleapis.com/v1/projects/the-place-scheduler/locations/us-central1/functions:generateUploadUrl  
 
[debug] [2021-03-02T12:16:15.672Z] <<< HTTP RESPONSE 200 {"content-type":"application/json; charset=UTF-8","vary":"X-Origin, Referer, Origin,Accept-Encoding","date":"Tue, 02 Mar 2021 12:16:15 GMT","server":"ESF","cache-control":"private","x-xss-protection":"0","x-frame-options":"SAMEORIGIN","x-content-type-options":"nosniff","alt-svc":"h3-29=\":443\"; ma=2592000,h3-T051=\":443\"; ma=2592000,h3-Q050=\":443\"; ma=2592000,h3-Q046=\":443\"; ma=2592000,h3-Q043=\":443\"; ma=2592000,quic=\":443\"; ma=2592000; v=\"46,43\"","accept-ranges":"none","transfer-encoding":"chunked"}
[debug] [2021-03-02T12:16:15.673Z] >>> HTTP REQUEST PUT https://storage.googleapis.com/gcf-upload-us-central1-b8f23e6b-2b4c-4cf8-a238-741b0ed9628b/e2d76361-b40f-4d12-9d19-f4112b5abc1c.zip?GoogleAccessId=service-885777560131@gcf-admin-robot.iam.gserviceaccount.com&Expires=1614689175&Signature=Vk%2FThaUzMwA5%2F9wjY1wI6oHgIo0n0Pbzziy%2FUjFLuUD%2FeDjFdqgvxzYr3m%2BWxQYFXUvcKw8Z90git3YZvF%2BdeTWTUWp51ZsS7ruUzyP1OeKQNY88fv%2Fh2bUoP8X0hUbrAU1bROzbIsUEi99uXZb%2BRcYF8JqTWb1bJgW5srW1kDbx9P1F%2B88KpPF0fKYUhEtOu%2BTsGnGWYr%2FwZxKhGT4IUwt7EAesNT58b6FF2uBwhULgMEYCXKu1CT38WxweHoHV3CjNEndLPXfi%2BSkzA2KnZj1mdIBHroQD89ZUgwPZppeSswnxR%2FrMq0Q6wjglpC9U1XPEOXIQ%2B3UrXCz2II9xWQ%3D%3D  
 <request body omitted>
[debug] [2021-03-02T12:16:16.088Z] <<< HTTP RESPONSE 200 {"x-guploader-uploadid":"ABg5-Uznh1fY1Yc8cvFu_I4qTU5sMybb6e59TaAOw_-PUXTf2U-axo5qLAQXWrsiGJw6-5eOs9S4GohEq1ozMj4HWMI","etag":"\"86b71c13f25e451dc0067947a82d5360\"","x-goog-generation":"1614687376241446","x-goog-metageneration":"1","x-goog-hash":"crc32c=Qal9yg==, md5=hrccE/JeRR3ABnlHqC1TYA==","x-goog-stored-content-length":"38374","x-goog-stored-content-encoding":"identity","vary":"Origin","content-length":"0","date":"Tue, 02 Mar 2021 12:16:16 GMT","server":"UploadServer","content-type":"text/html; charset=UTF-8","alt-svc":"h3-29=\":443\"; ma=2592000,h3-T051=\":443\"; ma=2592000,h3-Q050=\":443\"; ma=2592000,h3-Q046=\":443\"; ma=2592000,h3-Q043=\":443\"; ma=2592000,quic=\":443\"; ma=2592000; v=\"46,43\""}
[info] +  functions: functions folder uploaded successfully 
[info] i  functions: updating Node.js 12 function thePlaceInformer(us-central1)... 
[debug] [2021-03-02T12:16:16.093Z] >>> HTTP REQUEST PATCH https://cloudfunctions.googleapis.com/v1/projects/the-place-scheduler/locations/us-central1/functions/thePlaceInformer {"updateMask":"sourceUploadUrl,name,labels,runtime,environmentVariables,eventTrigger.resource,eventTrigger.eventType,eventTrigger.service,eventTrigger.failurePolicy"} 
 {"sourceUploadUrl":"https://storage.googleapis.com/gcf-upload-us-central1-b8f23e6b-2b4c-4cf8-a238-741b0ed9628b/e2d76361-b40f-4d12-9d19-f4112b5abc1c.zip?GoogleAccessId=service-885777560131@gcf-admin-robot.iam.gserviceaccount.com&Expires=1614689175&Signature=Vk%2FThaUzMwA5%2F9wjY1wI6oHgIo0n0Pbzziy%2FUjFLuUD%2FeDjFdqgvxzYr3m%2BWxQYFXUvcKw8Z90git3YZvF%2BdeTWTUWp51ZsS7ruUzyP1OeKQNY88fv%2Fh2bUoP8X0hUbrAU1bROzbIsUEi99uXZb%2BRcYF8JqTWb1bJgW5srW1kDbx9P1F%2B88KpPF0fKYUhEtOu%2BTsGnGWYr%2FwZxKhGT4IUwt7EAesNT58b6FF2uBwhULgMEYCXKu1CT38WxweHoHV3CjNEndLPXfi%2BSkzA2KnZj1mdIBHroQD89ZUgwPZppeSswnxR%2FrMq0Q6wjglpC9U1XPEOXIQ%2B3UrXCz2II9xWQ%3D%3D","name":"projects/the-place-scheduler/locations/us-central1/functions/thePlaceInformer","labels":{"deployment-tool":"cli-firebase","deployment-scheduled":"true"},"eventTrigger":{"resource":"projects/the-place-scheduler/topics/firebase-schedule-thePlaceInformer-us-central1","eventType":"google.pubsub.topic.publish","service":"pubsub.googleapis.com"},"runtime":"nodejs12","environmentVariables":{"FIREBASE_CONFIG":"{\"projectId\":\"the-place-scheduler\",\"storageBucket\":\"the-place-scheduler.appspot.com\",\"locationId\":\"europe-west\"}"}}
[debug] [2021-03-02T12:16:16.094Z] >>> HTTP REQUEST GET https://cloudscheduler.googleapis.com/v1beta1/projects/the-place-scheduler/locations/europe-west1/jobs/firebase-schedule-thePlaceInformer-us-central1  
 
[debug] [2021-03-02T12:16:16.440Z] <<< HTTP RESPONSE 200 {"content-type":"application/json; charset=UTF-8","vary":"X-Origin, Referer, Origin,Accept-Encoding","date":"Tue, 02 Mar 2021 12:16:16 GMT","server":"ESF","cache-control":"private","x-xss-protection":"0","x-frame-options":"SAMEORIGIN","x-content-type-options":"nosniff","alt-svc":"h3-29=\":443\"; ma=2592000,h3-T051=\":443\"; ma=2592000,h3-Q050=\":443\"; ma=2592000,h3-Q046=\":443\"; ma=2592000,h3-Q043=\":443\"; ma=2592000,quic=\":443\"; ma=2592000; v=\"46,43\"","accept-ranges":"none","transfer-encoding":"chunked"}
[info] i  functions: scheduler job firebase-schedule-thePlaceInformer-us-central1 is up to date, no changes required 
[info] +  functions[thePlaceInformer(us-central1)]: Successful upsert schedule operation.  
[debug] [2021-03-02T12:16:17.105Z] <<< HTTP RESPONSE 200 {"content-type":"application/json; charset=UTF-8","vary":"X-Origin, Referer, Origin,Accept-Encoding","date":"Tue, 02 Mar 2021 12:16:17 GMT","server":"ESF","cache-control":"private","x-xss-protection":"0","x-frame-options":"SAMEORIGIN","x-content-type-options":"nosniff","alt-svc":"h3-29=\":443\"; ma=2592000,h3-T051=\":443\"; ma=2592000,h3-Q050=\":443\"; ma=2592000,h3-Q046=\":443\"; ma=2592000,h3-Q043=\":443\"; ma=2592000,quic=\":443\"; ma=2592000; v=\"46,43\"","accept-ranges":"none","transfer-encoding":"chunked"}
[debug] [2021-03-02T12:16:17.107Z] > refreshing access token with scopes: []
[debug] [2021-03-02T12:16:17.107Z] >>> HTTP REQUEST POST https://www.googleapis.com/oauth2/v3/token  
 <request body omitted>
[debug] [2021-03-02T12:16:17.218Z] <<< HTTP RESPONSE 200 {"date":"Tue, 02 Mar 2021 12:16:17 GMT","cache-control":"no-cache, no-store, max-age=0, must-revalidate","expires":"Mon, 01 Jan 1990 00:00:00 GMT","pragma":"no-cache","content-type":"application/json; charset=utf-8","vary":"X-Origin, Referer, Origin,Accept-Encoding","server":"scaffolding on HTTPServer2","x-xss-protection":"0","x-frame-options":"SAMEORIGIN","x-content-type-options":"nosniff","alt-svc":"h3-29=\":443\"; ma=2592000,h3-T051=\":443\"; ma=2592000,h3-Q050=\":443\"; ma=2592000,h3-Q046=\":443\"; ma=2592000,h3-Q043=\":443\"; ma=2592000,quic=\":443\"; ma=2592000; v=\"46,43\"","accept-ranges":"none","transfer-encoding":"chunked"}
[debug] [2021-03-02T12:16:17.227Z] >>> [apiv2][query] GET https://cloudfunctions.googleapis.com/v1/operations/dGhlLXBsYWNlLXNjaGVkdWxlci91cy1jZW50cmFsMS90aGVQbGFjZUluZm9ybWVyLzRBcWo0SzNTQTdF [none]
[debug] [2021-03-02T12:16:17.555Z] <<< [apiv2][status] GET https://cloudfunctions.googleapis.com/v1/operations/dGhlLXBsYWNlLXNjaGVkdWxlci91cy1jZW50cmFsMS90aGVQbGFjZUluZm9ybWVyLzRBcWo0SzNTQTdF 200
[debug] [2021-03-02T12:16:17.555Z] <<< [apiv2][body] GET https://cloudfunctions.googleapis.com/v1/operations/dGhlLXBsYWNlLXNjaGVkdWxlci91cy1jZW50cmFsMS90aGVQbGFjZUluZm9ybWVyLzRBcWo0SzNTQTdF {"name":"operations/dGhlLXBsYWNlLXNjaGVkdWxlci91cy1jZW50cmFsMS90aGVQbGFjZUluZm9ybWVyLzRBcWo0SzNTQTdF","metadata":{"@type":"type.googleapis.com/google.cloud.functions.v1.OperationMetadataV1","target":"projects/the-place-scheduler/locations/us-central1/functions/thePlaceInformer","type":"UPDATE_FUNCTION","request":{"@type":"type.googleapis.com/google.cloud.functions.v1.CloudFunction","name":"projects/the-place-scheduler/locations/us-central1/functions/thePlaceInformer","eventTrigger":{"eventType":"google.pubsub.topic.publish","resource":"projects/the-place-scheduler/topics/firebase-schedule-thePlaceInformer-us-central1","service":"pubsub.googleapis.com"},"status":"ACTIVE","entryPoint":"thePlaceInformer","timeout":"60s","availableMemoryMb":256,"serviceAccountEmail":"the-place-scheduler@appspot.gserviceaccount.com","updateTime":"2021-03-02T09:18:48.390Z","versionId":"5","labels":{"deployment-tool":"cli-firebase","deployment-scheduled":"true"},"sourceUploadUrl":"https://storage.googleapis.com/gcf-upload-us-central1-b8f23e6b-2b4c-4cf8-a238-741b0ed9628b/e2d76361-b40f-4d12-9d19-f4112b5abc1c.zip?GoogleAccessId=service-885777560131@gcf-admin-robot.iam.gserviceaccount.com&Expires=1614689175&Signature=Vk%2FThaUzMwA5%2F9wjY1wI6oHgIo0n0Pbzziy%2FUjFLuUD%2FeDjFdqgvxzYr3m%2BWxQYFXUvcKw8Z90git3YZvF%2BdeTWTUWp51ZsS7ruUzyP1OeKQNY88fv%2Fh2bUoP8X0hUbrAU1bROzbIsUEi99uXZb%2BRcYF8JqTWb1bJgW5srW1kDbx9P1F%2B88KpPF0fKYUhEtOu%2BTsGnGWYr%2FwZxKhGT4IUwt7EAesNT58b6FF2uBwhULgMEYCXKu1CT38WxweHoHV3CjNEndLPXfi%2BSkzA2KnZj1mdIBHroQD89ZUgwPZppeSswnxR%2FrMq0Q6wjglpC9U1XPEOXIQ%2B3UrXCz2II9xWQ%3D%3D","environmentVariables":{"FIREBASE_CONFIG":"{\"projectId\":\"the-place-scheduler\",\"storageBucket\":\"the-place-scheduler.appspot.com\",\"locationId\":\"europe-west\"}"},"runtime":"nodejs12","ingressSettings":"ALLOW_ALL","buildId":"98490b1d-9946-40aa-b694-8bd25ba15c69"},"versionId":"6","updateTime":"2021-03-02T12:16:17Z"}}
[debug] [2021-03-02T12:16:18.064Z] [update-projects/the-place-scheduler/locations/us-central1/functions/thePlaceInformer] Retrying task index 0
[debug] [2021-03-02T12:16:18.065Z] >>> [apiv2][query] GET https://cloudfunctions.googleapis.com/v1/operations/dGhlLXBsYWNlLXNjaGVkdWxlci91cy1jZW50cmFsMS90aGVQbGFjZUluZm9ybWVyLzRBcWo0SzNTQTdF [none]
[debug] [2021-03-02T12:16:18.330Z] <<< [apiv2][status] GET https://cloudfunctions.googleapis.com/v1/operations/dGhlLXBsYWNlLXNjaGVkdWxlci91cy1jZW50cmFsMS90aGVQbGFjZUluZm9ybWVyLzRBcWo0SzNTQTdF 200
[debug] [2021-03-02T12:16:18.330Z] <<< [apiv2][body] GET https://cloudfunctions.googleapis.com/v1/operations/dGhlLXBsYWNlLXNjaGVkdWxlci91cy1jZW50cmFsMS90aGVQbGFjZUluZm9ybWVyLzRBcWo0SzNTQTdF {"name":"operations/dGhlLXBsYWNlLXNjaGVkdWxlci91cy1jZW50cmFsMS90aGVQbGFjZUluZm9ybWVyLzRBcWo0SzNTQTdF","metadata":{"@type":"type.googleapis.com/google.cloud.functions.v1.OperationMetadataV1","target":"projects/the-place-scheduler/locations/us-central1/functions/thePlaceInformer","type":"UPDATE_FUNCTION","request":{"@type":"type.googleapis.com/google.cloud.functions.v1.CloudFunction","name":"projects/the-place-scheduler/locations/us-central1/functions/thePlaceInformer","eventTrigger":{"eventType":"google.pubsub.topic.publish","resource":"projects/the-place-scheduler/topics/firebase-schedule-thePlaceInformer-us-central1","service":"pubsub.googleapis.com"},"status":"ACTIVE","entryPoint":"thePlaceInformer","timeout":"60s","availableMemoryMb":256,"serviceAccountEmail":"the-place-scheduler@appspot.gserviceaccount.com","updateTime":"2021-03-02T09:18:48.390Z","versionId":"5","labels":{"deployment-tool":"cli-firebase","deployment-scheduled":"true"},"sourceUploadUrl":"https://storage.googleapis.com/gcf-upload-us-central1-b8f23e6b-2b4c-4cf8-a238-741b0ed9628b/e2d76361-b40f-4d12-9d19-f4112b5abc1c.zip?GoogleAccessId=service-885777560131@gcf-admin-robot.iam.gserviceaccount.com&Expires=1614689175&Signature=Vk%2FThaUzMwA5%2F9wjY1wI6oHgIo0n0Pbzziy%2FUjFLuUD%2FeDjFdqgvxzYr3m%2BWxQYFXUvcKw8Z90git3YZvF%2BdeTWTUWp51ZsS7ruUzyP1OeKQNY88fv%2Fh2bUoP8X0hUbrAU1bROzbIsUEi99uXZb%2BRcYF8JqTWb1bJgW5srW1kDbx9P1F%2B88KpPF0fKYUhEtOu%2BTsGnGWYr%2FwZxKhGT4IUwt7EAesNT58b6FF2uBwhULgMEYCXKu1CT38WxweHoHV3CjNEndLPXfi%2BSkzA2KnZj1mdIBHroQD89ZUgwPZppeSswnxR%2FrMq0Q6wjglpC9U1XPEOXIQ%2B3UrXCz2II9xWQ%3D%3D","environmentVariables":{"FIREBASE_CONFIG":"{\"projectId\":\"the-place-scheduler\",\"storageBucket\":\"the-place-scheduler.appspot.com\",\"locationId\":\"europe-west\"}"},"runtime":"nodejs12","ingressSettings":"ALLOW_ALL","buildId":"98490b1d-9946-40aa-b694-8bd25ba15c69"},"versionId":"6","updateTime":"2021-03-02T12:16:17Z","buildId":"0506914a-79f2-4873-bbf9-c8ed522b890b"}}
[debug] [2021-03-02T12:16:19.332Z] [update-projects/the-place-scheduler/locations/us-central1/functions/thePlaceInformer] Retrying task index 0
[debug] [2021-03-02T12:16:19.332Z] >>> [apiv2][query] GET https://cloudfunctions.googleapis.com/v1/operations/dGhlLXBsYWNlLXNjaGVkdWxlci91cy1jZW50cmFsMS90aGVQbGFjZUluZm9ybWVyLzRBcWo0SzNTQTdF [none]
[debug] [2021-03-02T12:16:19.582Z] <<< [apiv2][status] GET https://cloudfunctions.googleapis.com/v1/operations/dGhlLXBsYWNlLXNjaGVkdWxlci91cy1jZW50cmFsMS90aGVQbGFjZUluZm9ybWVyLzRBcWo0SzNTQTdF 200
[debug] [2021-03-02T12:16:19.582Z] <<< [apiv2][body] GET https://cloudfunctions.googleapis.com/v1/operations/dGhlLXBsYWNlLXNjaGVkdWxlci91cy1jZW50cmFsMS90aGVQbGFjZUluZm9ybWVyLzRBcWo0SzNTQTdF {"name":"operations/dGhlLXBsYWNlLXNjaGVkdWxlci91cy1jZW50cmFsMS90aGVQbGFjZUluZm9ybWVyLzRBcWo0SzNTQTdF","metadata":{"@type":"type.googleapis.com/google.cloud.functions.v1.OperationMetadataV1","target":"projects/the-place-scheduler/locations/us-central1/functions/thePlaceInformer","type":"UPDATE_FUNCTION","request":{"@type":"type.googleapis.com/google.cloud.functions.v1.CloudFunction","name":"projects/the-place-scheduler/locations/us-central1/functions/thePlaceInformer","eventTrigger":{"eventType":"google.pubsub.topic.publish","resource":"projects/the-place-scheduler/topics/firebase-schedule-thePlaceInformer-us-central1","service":"pubsub.googleapis.com"},"status":"ACTIVE","entryPoint":"thePlaceInformer","timeout":"60s","availableMemoryMb":256,"serviceAccountEmail":"the-place-scheduler@appspot.gserviceaccount.com","updateTime":"2021-03-02T09:18:48.390Z","versionId":"5","labels":{"deployment-tool":"cli-firebase","deployment-scheduled":"true"},"sourceUploadUrl":"https://storage.googleapis.com/gcf-upload-us-central1-b8f23e6b-2b4c-4cf8-a238-741b0ed9628b/e2d76361-b40f-4d12-9d19-f4112b5abc1c.zip?GoogleAccessId=service-885777560131@gcf-admin-robot.iam.gserviceaccount.com&Expires=1614689175&Signature=Vk%2FThaUzMwA5%2F9wjY1wI6oHgIo0n0Pbzziy%2FUjFLuUD%2FeDjFdqgvxzYr3m%2BWxQYFXUvcKw8Z90git3YZvF%2BdeTWTUWp51ZsS7ruUzyP1OeKQNY88fv%2Fh2bUoP8X0hUbrAU1bROzbIsUEi99uXZb%2BRcYF8JqTWb1bJgW5srW1kDbx9P1F%2B88KpPF0fKYUhEtOu%2BTsGnGWYr%2FwZxKhGT4IUwt7EAesNT58b6FF2uBwhULgMEYCXKu1CT38WxweHoHV3CjNEndLPXfi%2BSkzA2KnZj1mdIBHroQD89ZUgwPZppeSswnxR%2FrMq0Q6wjglpC9U1XPEOXIQ%2B3UrXCz2II9xWQ%3D%3D","environmentVariables":{"FIREBASE_CONFIG":"{\"projectId\":\"the-place-scheduler\",\"storageBucket\":\"the-place-scheduler.appspot.com\",\"locationId\":\"europe-west\"}"},"runtime":"nodejs12","ingressSettings":"ALLOW_ALL","buildId":"98490b1d-9946-40aa-b694-8bd25ba15c69"},"versionId":"6","updateTime":"2021-03-02T12:16:17Z","buildId":"0506914a-79f2-4873-bbf9-c8ed522b890b"}}
[debug] [2021-03-02T12:16:21.588Z] [update-projects/the-place-scheduler/locations/us-central1/functions/thePlaceInformer] Retrying task index 0
[debug] [2021-03-02T12:16:21.588Z] >>> [apiv2][query] GET https://cloudfunctions.googleapis.com/v1/operations/dGhlLXBsYWNlLXNjaGVkdWxlci91cy1jZW50cmFsMS90aGVQbGFjZUluZm9ybWVyLzRBcWo0SzNTQTdF [none]
[debug] [2021-03-02T12:16:21.855Z] <<< [apiv2][status] GET https://cloudfunctions.googleapis.com/v1/operations/dGhlLXBsYWNlLXNjaGVkdWxlci91cy1jZW50cmFsMS90aGVQbGFjZUluZm9ybWVyLzRBcWo0SzNTQTdF 200
[debug] [2021-03-02T12:16:21.855Z] <<< [apiv2][body] GET https://cloudfunctions.googleapis.com/v1/operations/dGhlLXBsYWNlLXNjaGVkdWxlci91cy1jZW50cmFsMS90aGVQbGFjZUluZm9ybWVyLzRBcWo0SzNTQTdF {"name":"operations/dGhlLXBsYWNlLXNjaGVkdWxlci91cy1jZW50cmFsMS90aGVQbGFjZUluZm9ybWVyLzRBcWo0SzNTQTdF","metadata":{"@type":"type.googleapis.com/google.cloud.functions.v1.OperationMetadataV1","target":"projects/the-place-scheduler/locations/us-central1/functions/thePlaceInformer","type":"UPDATE_FUNCTION","request":{"@type":"type.googleapis.com/google.cloud.functions.v1.CloudFunction","name":"projects/the-place-scheduler/locations/us-central1/functions/thePlaceInformer","eventTrigger":{"eventType":"google.pubsub.topic.publish","resource":"projects/the-place-scheduler/topics/firebase-schedule-thePlaceInformer-us-central1","service":"pubsub.googleapis.com"},"status":"ACTIVE","entryPoint":"thePlaceInformer","timeout":"60s","availableMemoryMb":256,"serviceAccountEmail":"the-place-scheduler@appspot.gserviceaccount.com","updateTime":"2021-03-02T09:18:48.390Z","versionId":"5","labels":{"deployment-tool":"cli-firebase","deployment-scheduled":"true"},"sourceUploadUrl":"https://storage.googleapis.com/gcf-upload-us-central1-b8f23e6b-2b4c-4cf8-a238-741b0ed9628b/e2d76361-b40f-4d12-9d19-f4112b5abc1c.zip?GoogleAccessId=service-885777560131@gcf-admin-robot.iam.gserviceaccount.com&Expires=1614689175&Signature=Vk%2FThaUzMwA5%2F9wjY1wI6oHgIo0n0Pbzziy%2FUjFLuUD%2FeDjFdqgvxzYr3m%2BWxQYFXUvcKw8Z90git3YZvF%2BdeTWTUWp51ZsS7ruUzyP1OeKQNY88fv%2Fh2bUoP8X0hUbrAU1bROzbIsUEi99uXZb%2BRcYF8JqTWb1bJgW5srW1kDbx9P1F%2B88KpPF0fKYUhEtOu%2BTsGnGWYr%2FwZxKhGT4IUwt7EAesNT58b6FF2uBwhULgMEYCXKu1CT38WxweHoHV3CjNEndLPXfi%2BSkzA2KnZj1mdIBHroQD89ZUgwPZppeSswnxR%2FrMq0Q6wjglpC9U1XPEOXIQ%2B3UrXCz2II9xWQ%3D%3D","environmentVariables":{"FIREBASE_CONFIG":"{\"projectId\":\"the-place-scheduler\",\"storageBucket\":\"the-place-scheduler.appspot.com\",\"locationId\":\"europe-west\"}"},"runtime":"nodejs12","ingressSettings":"ALLOW_ALL","buildId":"98490b1d-9946-40aa-b694-8bd25ba15c69"},"versionId":"6","updateTime":"2021-03-02T12:16:17Z","buildId":"0506914a-79f2-4873-bbf9-c8ed522b890b"}}
[debug] [2021-03-02T12:16:25.858Z] [update-projects/the-place-scheduler/locations/us-central1/functions/thePlaceInformer] Retrying task index 0
[debug] [2021-03-02T12:16:25.858Z] >>> [apiv2][query] GET https://cloudfunctions.googleapis.com/v1/operations/dGhlLXBsYWNlLXNjaGVkdWxlci91cy1jZW50cmFsMS90aGVQbGFjZUluZm9ybWVyLzRBcWo0SzNTQTdF [none]
[debug] [2021-03-02T12:16:26.134Z] <<< [apiv2][status] GET https://cloudfunctions.googleapis.com/v1/operations/dGhlLXBsYWNlLXNjaGVkdWxlci91cy1jZW50cmFsMS90aGVQbGFjZUluZm9ybWVyLzRBcWo0SzNTQTdF 200
[debug] [2021-03-02T12:16:26.134Z] <<< [apiv2][body] GET https://cloudfunctions.googleapis.com/v1/operations/dGhlLXBsYWNlLXNjaGVkdWxlci91cy1jZW50cmFsMS90aGVQbGFjZUluZm9ybWVyLzRBcWo0SzNTQTdF {"name":"operations/dGhlLXBsYWNlLXNjaGVkdWxlci91cy1jZW50cmFsMS90aGVQbGFjZUluZm9ybWVyLzRBcWo0SzNTQTdF","metadata":{"@type":"type.googleapis.com/google.cloud.functions.v1.OperationMetadataV1","target":"projects/the-place-scheduler/locations/us-central1/functions/thePlaceInformer","type":"UPDATE_FUNCTION","request":{"@type":"type.googleapis.com/google.cloud.functions.v1.CloudFunction","name":"projects/the-place-scheduler/locations/us-central1/functions/thePlaceInformer","eventTrigger":{"eventType":"google.pubsub.topic.publish","resource":"projects/the-place-scheduler/topics/firebase-schedule-thePlaceInformer-us-central1","service":"pubsub.googleapis.com"},"status":"ACTIVE","entryPoint":"thePlaceInformer","timeout":"60s","availableMemoryMb":256,"serviceAccountEmail":"the-place-scheduler@appspot.gserviceaccount.com","updateTime":"2021-03-02T09:18:48.390Z","versionId":"5","labels":{"deployment-tool":"cli-firebase","deployment-scheduled":"true"},"sourceUploadUrl":"https://storage.googleapis.com/gcf-upload-us-central1-b8f23e6b-2b4c-4cf8-a238-741b0ed9628b/e2d76361-b40f-4d12-9d19-f4112b5abc1c.zip?GoogleAccessId=service-885777560131@gcf-admin-robot.iam.gserviceaccount.com&Expires=1614689175&Signature=Vk%2FThaUzMwA5%2F9wjY1wI6oHgIo0n0Pbzziy%2FUjFLuUD%2FeDjFdqgvxzYr3m%2BWxQYFXUvcKw8Z90git3YZvF%2BdeTWTUWp51ZsS7ruUzyP1OeKQNY88fv%2Fh2bUoP8X0hUbrAU1bROzbIsUEi99uXZb%2BRcYF8JqTWb1bJgW5srW1kDbx9P1F%2B88KpPF0fKYUhEtOu%2BTsGnGWYr%2FwZxKhGT4IUwt7EAesNT58b6FF2uBwhULgMEYCXKu1CT38WxweHoHV3CjNEndLPXfi%2BSkzA2KnZj1mdIBHroQD89ZUgwPZppeSswnxR%2FrMq0Q6wjglpC9U1XPEOXIQ%2B3UrXCz2II9xWQ%3D%3D","environmentVariables":{"FIREBASE_CONFIG":"{\"projectId\":\"the-place-scheduler\",\"storageBucket\":\"the-place-scheduler.appspot.com\",\"locationId\":\"europe-west\"}"},"runtime":"nodejs12","ingressSettings":"ALLOW_ALL","buildId":"98490b1d-9946-40aa-b694-8bd25ba15c69"},"versionId":"6","updateTime":"2021-03-02T12:16:17Z","buildId":"0506914a-79f2-4873-bbf9-c8ed522b890b"}}
[debug] [2021-03-02T12:16:34.139Z] [update-projects/the-place-scheduler/locations/us-central1/functions/thePlaceInformer] Retrying task index 0
[debug] [2021-03-02T12:16:34.139Z] >>> [apiv2][query] GET https://cloudfunctions.googleapis.com/v1/operations/dGhlLXBsYWNlLXNjaGVkdWxlci91cy1jZW50cmFsMS90aGVQbGFjZUluZm9ybWVyLzRBcWo0SzNTQTdF [none]
[debug] [2021-03-02T12:16:34.398Z] <<< [apiv2][status] GET https://cloudfunctions.googleapis.com/v1/operations/dGhlLXBsYWNlLXNjaGVkdWxlci91cy1jZW50cmFsMS90aGVQbGFjZUluZm9ybWVyLzRBcWo0SzNTQTdF 200
[debug] [2021-03-02T12:16:34.398Z] <<< [apiv2][body] GET https://cloudfunctions.googleapis.com/v1/operations/dGhlLXBsYWNlLXNjaGVkdWxlci91cy1jZW50cmFsMS90aGVQbGFjZUluZm9ybWVyLzRBcWo0SzNTQTdF {"name":"operations/dGhlLXBsYWNlLXNjaGVkdWxlci91cy1jZW50cmFsMS90aGVQbGFjZUluZm9ybWVyLzRBcWo0SzNTQTdF","metadata":{"@type":"type.googleapis.com/google.cloud.functions.v1.OperationMetadataV1","target":"projects/the-place-scheduler/locations/us-central1/functions/thePlaceInformer","type":"UPDATE_FUNCTION","request":{"@type":"type.googleapis.com/google.cloud.functions.v1.CloudFunction","name":"projects/the-place-scheduler/locations/us-central1/functions/thePlaceInformer","eventTrigger":{"eventType":"google.pubsub.topic.publish","resource":"projects/the-place-scheduler/topics/firebase-schedule-thePlaceInformer-us-central1","service":"pubsub.googleapis.com"},"status":"ACTIVE","entryPoint":"thePlaceInformer","timeout":"60s","availableMemoryMb":256,"serviceAccountEmail":"the-place-scheduler@appspot.gserviceaccount.com","updateTime":"2021-03-02T09:18:48.390Z","versionId":"5","labels":{"deployment-tool":"cli-firebase","deployment-scheduled":"true"},"sourceUploadUrl":"https://storage.googleapis.com/gcf-upload-us-central1-b8f23e6b-2b4c-4cf8-a238-741b0ed9628b/e2d76361-b40f-4d12-9d19-f4112b5abc1c.zip?GoogleAccessId=service-885777560131@gcf-admin-robot.iam.gserviceaccount.com&Expires=1614689175&Signature=Vk%2FThaUzMwA5%2F9wjY1wI6oHgIo0n0Pbzziy%2FUjFLuUD%2FeDjFdqgvxzYr3m%2BWxQYFXUvcKw8Z90git3YZvF%2BdeTWTUWp51ZsS7ruUzyP1OeKQNY88fv%2Fh2bUoP8X0hUbrAU1bROzbIsUEi99uXZb%2BRcYF8JqTWb1bJgW5srW1kDbx9P1F%2B88KpPF0fKYUhEtOu%2BTsGnGWYr%2FwZxKhGT4IUwt7EAesNT58b6FF2uBwhULgMEYCXKu1CT38WxweHoHV3CjNEndLPXfi%2BSkzA2KnZj1mdIBHroQD89ZUgwPZppeSswnxR%2FrMq0Q6wjglpC9U1XPEOXIQ%2B3UrXCz2II9xWQ%3D%3D","environmentVariables":{"FIREBASE_CONFIG":"{\"projectId\":\"the-place-scheduler\",\"storageBucket\":\"the-place-scheduler.appspot.com\",\"locationId\":\"europe-west\"}"},"runtime":"nodejs12","ingressSettings":"ALLOW_ALL","buildId":"98490b1d-9946-40aa-b694-8bd25ba15c69"},"versionId":"6","updateTime":"2021-03-02T12:16:17Z","buildId":"0506914a-79f2-4873-bbf9-c8ed522b890b"}}
